time="2023-09-09T16:30:48+07:00" level=info msg="Приложение запущено"
time="2023-09-09T16:30:48+07:00" level=info msg="Логгер сконфигурирован"
time="2023-09-09T16:30:52+07:00" level=info msg="Введено значение логина: Алдар"
time="2023-09-09T16:30:54+07:00" level=info msg="Введено значение пароля: 123"
time="2023-09-09T16:30:55+07:00" level=info msg="Введено значение повторного пароля: 123"
time="2023-09-09T16:30:55+07:00" level=error msg="Логин = Алдар Пароль = [36 50 97 36 49 48 36 117 101 111 120 102 102 121 111 68 70 87 85 114 53 119 76 50 86 55 90 69 46 68 103 88 89 51 80 79 114 109 52 113 69 56 71 98 78 72 75 86 111 50 104 122 89 119 67 49 114 46 51 109] Ошибка = Логин содержит некорректные символы Пароль меньше 7 символов "
time="2023-09-22T22:51:36+07:00" level=info msg="Приложение запущено"
time="2023-09-22T22:51:36+07:00" level=info msg="Логгер сконфигурирован"
time="2023-09-22T22:51:40+07:00" level=info msg="Введено значение логина: Aldar"
time="2023-09-22T22:51:41+07:00" level=info msg="Введено значение пароля: 123"
time="2023-09-22T22:51:42+07:00" level=info msg="Введено значение повторного пароля: 123"
time="2023-09-22T22:51:42+07:00" level=error msg="Логин = Aldar Пароль = [36 50 97 36 49 48 36 108 81 89 103 110 54 99 52 69 80 101 46 85 72 120 100 109 118 78 108 84 46 72 78 54 52 66 98 102 98 56 109 97 67 101 49 111 84 57 102 54 72 105 119 103 57 84 101 53 118 98 106 101] Ошибка = Логин уже существует Пароль меньше 7 символов "
time="2023-09-22T23:08:52+07:00" level=info msg="Приложение запущено"
time="2023-09-22T23:08:52+07:00" level=info msg="Логгер сконфигурирован"
time="2023-09-22T23:08:54+07:00" level=info msg="Введено значение логина: Aldar"
time="2023-09-22T23:08:57+07:00" level=info msg="Введено значение пароля: 123"
time="2023-09-22T23:08:57+07:00" level=info msg="Введено значение повторного пароля: 123"
time="2023-09-22T23:08:57+07:00" level=error msg="Логин = Aldar Пароль = [36 50 97 36 49 48 36 105 55 118 47 74 54 74 104 122 101 48 77 87 103 87 79 81 73 73 88 85 101 106 108 65 68 82 100 99 46 107 107 50 113 82 72 79 121 121 111 90 89 89 51 47 47 70 121 47 73 55 111 83] Ошибка = Пароль меньше 7 символов "
time="2023-09-23T18:53:24+07:00" level=info msg="Приложение запущено"
time="2023-09-23T18:53:24+07:00" level=info msg="Логгер сконфигурирован"
time="2023-09-23T18:53:29+07:00" level=info msg="Введено значение логина: Aldarr"
time="2023-09-23T18:53:35+07:00" level=info msg="Введено значение пароля: 123123"
time="2023-09-23T18:53:36+07:00" level=info msg="Введено значение повторного пароля: 123123"
time="2023-09-23T18:53:36+07:00" level=error msg="Логин = Aldarr Пароль = [36 50 97 36 49 48 36 82 120 66 98 122 112 115 79 82 119 98 66 77 116 89 55 111 120 57 79 48 79 46 48 80 46 111 84 90 70 66 107 75 105 49 74 47 115 57 98 51 107 120 89 121 114 46 69 76 119 52 49 79] Ошибка = Пароль не содержит заглавную букву"
time="2023-09-23T18:53:42+07:00" level=info msg="Приложение запущено"
time="2023-09-23T18:53:42+07:00" level=info msg="Логгер сконфигурирован"
time="2023-09-23T18:53:43+07:00" level=info msg="Введено значение логина: Aldarr"
time="2023-09-23T18:53:47+07:00" level=info msg="Введено значение пароля: 123123A"
time="2023-09-23T18:53:49+07:00" level=info msg="Введено значение повторного пароля: 123123A"
time="2023-09-23T18:53:50+07:00" level=error msg="Логин = Aldarr Пароль = [36 50 97 36 49 48 36 114 101 119 74 57 83 101 99 79 72 51 106 82 98 87 57 83 104 78 88 120 117 102 97 81 81 79 107 86 98 107 66 107 51 83 114 88 110 121 101 55 85 102 121 56 89 81 85 86 52 69 69 113] Ошибка = Пароль содержит латиницу"
time="2023-09-23T18:53:56+07:00" level=info msg="Приложение запущено"
time="2023-09-23T18:53:56+07:00" level=info msg="Логгер сконфигурирован"
time="2023-09-23T18:53:57+07:00" level=info msg="Введено значение логина: Aldarr"
time="2023-09-23T18:54:04+07:00" level=info msg="Введено значение пароля: 123123Г"
time="2023-09-23T18:54:06+07:00" level=info msg="Введено значение повторного пароля: 123123Г"
time="2023-09-23T18:54:06+07:00" level=info msg="Логин Aldarr Успешная регистрация"
time="2023-09-23T18:57:43+07:00" level=info msg="Приложение запущено"
time="2023-09-23T18:57:43+07:00" level=info msg="Логгер сконфигурирован"
time="2023-09-23T18:57:45+07:00" level=info msg="Введено значение логина: Aldarr"
time="2023-09-23T18:57:52+07:00" level=info msg="Введено значение пароля: 123123Г"
time="2023-09-23T18:57:54+07:00" level=info msg="Введено значение повторного пароля: 123123Г"
time="2023-09-23T18:57:54+07:00" level=error msg="Логин = Aldarr Пароль = [36 50 97 36 49 48 36 112 77 49 103 83 52 77 86 97 50 102 108 81 97 84 98 82 52 98 73 120 79 46 115 66 55 107 74 84 65 65 81 55 87 48 100 114 109 103 77 88 104 86 107 67 114 70 67 82 85 118 112 71] Ошибка = Пароль не содержит незаглавную букву"
time="2023-09-23T18:57:58+07:00" level=info msg="Приложение запущено"
time="2023-09-23T18:57:58+07:00" level=info msg="Логгер сконфигурирован"
time="2023-09-23T18:58:00+07:00" level=info msg="Введено значение логина: Aldarr"
time="2023-09-23T18:58:07+07:00" level=info msg="Введено значение пароля: 123123г"
time="2023-09-23T18:58:09+07:00" level=info msg="Введено значение повторного пароля: 123123г"
time="2023-09-23T18:58:09+07:00" level=error msg="Логин = Aldarr Пароль = [36 50 97 36 49 48 36 103 69 85 103 47 112 106 121 55 103 51 89 51 70 83 99 89 121 109 118 47 79 69 122 77 82 71 82 106 99 107 68 79 97 103 52 67 69 78 103 84 49 75 52 68 87 76 77 57 104 113 55 50] Ошибка = Пароль не содержит заглавную букву"
time="2023-09-24T12:44:25+07:00" level=info msg="Приложение запущено"
time="2023-09-24T12:44:25+07:00" level=info msg="Логгер сконфигурирован"
time="2023-09-24T12:44:28+07:00" level=info msg="Введено значение логина: Aldarr"
time="2023-09-24T12:44:33+07:00" level=info msg="Введено значение пароля: 123123г"
time="2023-09-24T12:44:35+07:00" level=info msg="Введено значение повторного пароля: 123123г"
time="2023-09-24T12:44:35+07:00" level=error msg="Логин = Aldarr Пароль = [36 50 97 36 49 48 36 68 74 73 66 122 90 55 86 113 80 106 68 78 55 87 121 108 53 108 74 99 46 88 70 117 78 105 75 75 111 75 111 105 121 56 105 70 111 70 114 54 117 81 77 101 120 67 76 78 122 101 120 75] Ошибка = Пароль не содержит заглавную букву"
time="2023-09-24T12:44:39+07:00" level=info msg="Приложение запущено"
time="2023-09-24T12:44:39+07:00" level=info msg="Логгер сконфигурирован"
time="2023-09-24T12:44:41+07:00" level=info msg="Введено значение логина: Aldarr"
time="2023-09-24T12:44:46+07:00" level=info msg="Введено значение пароля: 123123гГ"
time="2023-09-24T12:44:48+07:00" level=info msg="Введено значение повторного пароля: 123123гГ"
time="2023-09-24T12:44:49+07:00" level=info msg="Логин Aldarr Успешная регистрация"
time="2023-09-24T12:53:52+07:00" level=info msg="Приложение запущено"
time="2023-09-24T12:53:52+07:00" level=info msg="Логгер сконфигурирован"
time="2023-09-24T12:53:55+07:00" level=info msg="Введено значение логина: Aldarr"
time="2023-09-24T12:54:14+07:00" level=info msg="Введено значение пароля: АлдарГондонищ"
time="2023-09-24T12:54:20+07:00" level=info msg="Введено значение повторного пароля: АлдарГондонищ"
time="2023-09-24T12:54:20+07:00" level=error msg="Логин = Aldarr Пароль = [36 50 97 36 49 48 36 65 102 72 78 120 97 50 74 67 117 121 97 107 79 80 104 47 53 76 55 80 101 83 112 46 100 57 89 53 115 116 115 65 50 80 107 88 77 89 51 66 85 110 79 109 89 73 98 117 75 66 84 113] Ошибка = Пароль не содержит цифру"
time="2023-09-24T12:54:28+07:00" level=info msg="Приложение запущено"
time="2023-09-24T12:54:28+07:00" level=info msg="Логгер сконфигурирован"
time="2023-09-24T12:54:36+07:00" level=info msg="Введено значение логина: 1АлдарАлексей"
time="2023-09-24T12:54:40+07:00" level=info msg="Введено значение пароля: 1АлдарАлексей"
time="2023-09-24T12:54:48+07:00" level=info msg="Введено значение повторного пароля: 1АлдарАлексей"
time="2023-09-24T12:54:48+07:00" level=error msg="Логин = 1АлдарАлексей Пароль = [36 50 97 36 49 48 36 99 71 47 68 99 109 85 73 78 80 67 49 47 117 106 74 113 75 54 48 68 79 51 51 107 102 73 113 50 83 107 102 48 56 114 57 50 54 83 99 116 112 71 71 112 99 72 120 107 105 78 113 113] Ошибка = Логин содержит некорректные символы "
time="2023-09-24T12:54:52+07:00" level=info msg="Приложение запущено"
time="2023-09-24T12:54:52+07:00" level=info msg="Логгер сконфигурирован"
time="2023-09-24T12:54:55+07:00" level=info msg="Введено значение логина: Aldarr"
time="2023-09-24T12:55:00+07:00" level=info msg="Введено значение пароля: 1АлдарАлексей"
time="2023-09-24T12:55:04+07:00" level=info msg="Введено значение повторного пароля: 1АлдарАлексей"
time="2023-09-24T12:55:04+07:00" level=info msg="Логин Aldarr Успешная регистрация"
time="2023-09-24T12:58:31+07:00" level=info msg="Приложение запущено"
time="2023-09-24T12:58:31+07:00" level=info msg="Логгер сконфигурирован"
time="2023-09-24T12:58:33+07:00" level=info msg="Введено значение логина: Aldarr"
time="2023-09-24T12:58:38+07:00" level=info msg="Введено значение пароля: 1АлдарАлексей"
time="2023-09-24T12:58:42+07:00" level=info msg="Введено значение повторного пароля: 1АлдарАлексей"
time="2023-09-24T12:58:42+07:00" level=error msg="Логин = Aldarr Пароль = [36 50 97 36 49 48 36 89 90 97 77 66 68 98 48 50 69 54 78 121 112 90 114 52 83 77 120 50 46 69 85 56 57 85 110 86 86 112 115 111 87 115 82 77 117 80 87 57 82 83 107 90 114 115 105 107 70 121 69 46] Ошибка = Пароль не содержит спецсимвола"
time="2023-09-24T12:58:46+07:00" level=info msg="Приложение запущено"
time="2023-09-24T12:58:46+07:00" level=info msg="Логгер сконфигурирован"
time="2023-09-24T12:58:47+07:00" level=info msg="Введено значение логина: Aldarr"
time="2023-09-24T12:58:54+07:00" level=info msg="Введено значение пароля: 1АлдарАлексей&"
time="2023-09-24T12:59:00+07:00" level=info msg="Введено значение повторного пароля: 1АлдарАлексей&"
time="2023-09-24T12:59:00+07:00" level=error msg="Логин = Aldarr Пароль = [36 50 97 36 49 48 36 85 90 100 108 109 104 106 67 97 67 47 105 68 104 100 108 108 116 52 85 78 101 73 47 100 71 67 68 76 111 102 77 116 116 65 65 84 80 111 49 105 120 111 108 72 119 57 66 105 55 53 77 46] Ошибка = Пароль не содержит спецсимвола"
time="2023-09-24T12:59:28+07:00" level=info msg="Приложение запущено"
time="2023-09-24T12:59:28+07:00" level=info msg="Логгер сконфигурирован"
time="2023-09-24T12:59:31+07:00" level=info msg="Введено значение логина: Aldarr"
time="2023-09-24T12:59:37+07:00" level=info msg="Введено значение пароля: 1АлдарАлексей&"
time="2023-09-24T12:59:44+07:00" level=info msg="Введено значение повторного пароля: 1АлдарАлексей&"
time="2023-09-24T12:59:44+07:00" level=info msg="Логин Aldarr Успешная регистрация"
time="2023-09-24T12:59:48+07:00" level=info msg="Приложение запущено"
time="2023-09-24T12:59:48+07:00" level=info msg="Логгер сконфигурирован"
time="2023-09-24T12:59:55+07:00" level=info msg="Введено значение логина: 1АлдарАлексей"
time="2023-09-24T13:00:01+07:00" level=info msg="Введено значение пароля: 1АлдарАлексей"
time="2023-09-24T13:00:04+07:00" level=info msg="Введено значение повторного пароля: 1"
time="2023-09-24T13:00:04+07:00" level=error msg="Логин = 1АлдарАлексей Пароль = [36 50 97 36 49 48 36 115 109 119 51 48 122 71 106 76 90 78 52 73 79 100 112 70 55 100 104 89 117 50 56 85 66 48 83 65 75 55 114 71 57 107 66 69 89 85 76 77 118 111 105 74 115 97 50 78 84 66 100 79] Ошибка = Пароль не содержит спецсимвола"
time="2023-09-24T13:00:07+07:00" level=info msg="Приложение запущено"
time="2023-09-24T13:00:07+07:00" level=info msg="Логгер сконфигурирован"
time="2023-09-24T13:00:13+07:00" level=info msg="Введено значение логина: Aldarr"
time="2023-09-24T13:00:20+07:00" level=info msg="Введено значение пароля: 1АлдарАлексей"
time="2023-09-24T13:00:26+07:00" level=info msg="Введено значение повторного пароля: 1АлдарАлексей"
time="2023-09-24T13:00:26+07:00" level=error msg="Логин = Aldarr Пароль = [36 50 97 36 49 48 36 99 99 73 99 105 122 113 108 90 76 103 86 49 104 88 87 56 115 78 85 115 79 70 89 86 98 115 120 52 112 90 65 70 89 56 74 66 71 90 71 79 82 111 75 72 78 101 109 108 80 104 115 109] Ошибка = Пароль не содержит спецсимвола"
time="2023-09-24T13:00:30+07:00" level=info msg="Приложение запущено"
time="2023-09-24T13:00:30+07:00" level=info msg="Логгер сконфигурирован"
time="2023-09-24T13:00:33+07:00" level=info msg="Введено значение логина: Aldarr"
time="2023-09-24T13:00:40+07:00" level=info msg="Введено значение пароля: 1АлдарАлексей&"
time="2023-09-24T13:00:46+07:00" level=info msg="Введено значение повторного пароля: 1АлдарАлексей&"
time="2023-09-24T13:00:46+07:00" level=info msg="Логин Aldarr Успешная регистрация"
time="2023-09-24T13:10:07+07:00" level=info msg="Приложение запущено"
time="2023-09-24T13:10:07+07:00" level=info msg="Логгер сконфигурирован"
time="2023-09-24T13:10:10+07:00" level=info msg="Введено значение логина: Aldarr"
time="2023-09-24T13:10:17+07:00" level=info msg="Введено значение пароля: 1АлдарДондоков"
time="2023-09-24T13:10:22+07:00" level=info msg="Введено значение повторного пароля: 1АлдарДондоков"
time="2023-09-24T13:10:22+07:00" level=error msg="Логин = Aldarr Пароль = [36 50 97 36 49 48 36 69 105 100 101 69 111 72 76 46 84 51 116 89 55 70 102 57 79 104 120 104 101 51 104 48 65 115 57 103 87 75 57 50 46 109 118 97 113 118 85 76 81 81 103 49 115 90 72 65 118 68 86 67] Ошибка = Пароль не содержит спецсимвола"
time="2023-10-13T16:32:19+07:00" level=info msg="Приложение запущено"
time="2023-10-13T16:32:19+07:00" level=info msg="Логгер сконфигурирован"
time="2023-10-13T16:32:23+07:00" level=info msg="Введено значение логина: Aldar"
time="2023-10-13T16:32:24+07:00" level=info msg="Введено значение пароля: 123"
time="2023-10-13T16:32:25+07:00" level=info msg="Введено значение повторного пароля: 123"
time="2023-10-13T16:32:25+07:00" level=error msg="Логин = Aldar Пароль = [36 50 97 36 49 48 36 53 87 89 100 57 100 68 52 100 119 67 118 104 105 75 53 72 102 49 75 65 117 70 69 72 104 66 68 69 83 116 117 97 55 73 108 73 90 119 121 47 54 67 120 90 72 120 98 121 98 84 73 67] Ошибка = Пароль не содержит незаглавную букву"
